# JRE version: OpenJDK Runtime Environment (21.0.4) (build 21.0.4+-12508038-b607.1)
# Java VM: OpenJDK 64-Bit Server VM (21.0.4+-12508038-b607.1, mixed mode, tiered, compressed oops, compressed class ptrs, g1 gc, windows-amd64)
GC Precious Log:
 CardTable entry size: 512
 Card Set container configuration: InlinePtr #cards 4 size 8 Array Of Cards #cards 16 size 48 Howl #buckets 8 coarsen threshold 3686 Howl Bitmap #cards 512 size 80 coarsen threshold 460 Card regions per heap region 1 cards per card region 4096
 CPUs: 12 total, 12 available
 Memory: 15712M
 Large Page Support: Disabled
 NUMA Support: Disabled
 Compressed Oops: Enabled (Zero based)
 Heap Region Size: 2M
 Heap Min Capacity: 8M
 Heap Initial Capacity: 246M
 Heap Max Capacity: 4G
 Pre-touch: Disabled
 Parallel Workers: 10
 Concurrent Workers: 3
 Concurrent Refinement Workers: 10
 Periodic GC: Disabled
Heap:
 garbage-first heap   total 116736K, used 94098K [0x0000000700000000, 0x0000000800000000)
  region size 2048K, 16 young (32768K), 2 survivors (4096K)
 Metaspace       used 82619K, committed 84608K, reserved 1179648K
  class space    used 11329K, committed 12352K, reserved 1048576K
GC Heap History (20 events):
Event: 17.791 GC heap before
{Heap before GC invocations=15 (full 0):
 garbage-first heap   total 90112K, used 75514K [0x0000000700000000, 0x0000000800000000)
  region size 2048K, 19 young (38912K), 2 survivors (4096K)
 Metaspace       used 61921K, committed 63616K, reserved 1114112K
  class space    used 8415K, committed 9280K, reserved 1048576K
}
Event: 17.798 GC heap after
{Heap after GC invocations=16 (full 0):
 garbage-first heap   total 90112K, used 44879K [0x0000000700000000, 0x0000000800000000)
  region size 2048K, 2 young (4096K), 2 survivors (4096K)
 Metaspace       used 61921K, committed 63616K, reserved 1114112K
  class space    used 8415K, committed 9280K, reserved 1048576K
}
Event: 18.995 GC heap before
{Heap before GC invocations=16 (full 0):
 garbage-first heap   total 90112K, used 77647K [0x0000000700000000, 0x0000000800000000)
  region size 2048K, 18 young (36864K), 2 survivors (4096K)
 Metaspace       used 63164K, committed 64832K, reserved 1114112K
  class space    used 8569K, committed 9408K, reserved 1048576K
}
Event: 19.003 GC heap after
{Heap after GC invocations=17 (full 0):
 garbage-first heap   total 90112K, used 47779K [0x0000000700000000, 0x0000000800000000)
  region size 2048K, 3 young (6144K), 3 survivors (6144K)
 Metaspace       used 63164K, committed 64832K, reserved 1114112K
  class space    used 8569K, committed 9408K, reserved 1048576K
}
Event: 19.726 GC heap before
{Heap before GC invocations=17 (full 0):
 garbage-first heap   total 90112K, used 74403K [0x0000000700000000, 0x0000000800000000)
  region size 2048K, 17 young (34816K), 3 survivors (6144K)
 Metaspace       used 65643K, committed 67456K, reserved 1114112K
  class space    used 8977K, committed 9920K, reserved 1048576K
}
Event: 19.733 GC heap after
{Heap after GC invocations=18 (full 0):
 garbage-first heap   total 90112K, used 49528K [0x0000000700000000, 0x0000000800000000)
  region size 2048K, 2 young (4096K), 2 survivors (4096K)
 Metaspace       used 65643K, committed 67456K, reserved 1114112K
  class space    used 8977K, committed 9920K, reserved 1048576K
}
Event: 20.479 GC heap before
{Heap before GC invocations=19 (full 0):
 garbage-first heap   total 90112K, used 86392K [0x0000000700000000, 0x0000000800000000)
  region size 2048K, 16 young (32768K), 2 survivors (4096K)
 Metaspace       used 68391K, committed 70272K, reserved 1114112K
  class space    used 9386K, committed 10304K, reserved 1048576K
}
Event: 20.484 GC heap after
{Heap after GC invocations=20 (full 0):
 garbage-first heap   total 96256K, used 60441K [0x0000000700000000, 0x0000000800000000)
  region size 2048K, 2 young (4096K), 2 survivors (4096K)
 Metaspace       used 68391K, committed 70272K, reserved 1114112K
  class space    used 9386K, committed 10304K, reserved 1048576K
}
Event: 21.013 GC heap before
{Heap before GC invocations=20 (full 0):
 garbage-first heap   total 96256K, used 82969K [0x0000000700000000, 0x0000000800000000)
  region size 2048K, 13 young (26624K), 2 survivors (4096K)
 Metaspace       used 71033K, committed 72896K, reserved 1114112K
  class space    used 9734K, committed 10688K, reserved 1048576K
}
Event: 21.017 GC heap after
{Heap after GC invocations=21 (full 0):
 garbage-first heap   total 96256K, used 60307K [0x0000000700000000, 0x0000000800000000)
  region size 2048K, 1 young (2048K), 1 survivors (2048K)
 Metaspace       used 71033K, committed 72896K, reserved 1114112K
  class space    used 9734K, committed 10688K, reserved 1048576K
}
Event: 21.706 GC heap before
{Heap before GC invocations=21 (full 0):
 garbage-first heap   total 96256K, used 84883K [0x0000000700000000, 0x0000000800000000)
  region size 2048K, 13 young (26624K), 1 survivors (2048K)
 Metaspace       used 74168K, committed 76096K, reserved 1114112K
  class space    used 10162K, committed 11136K, reserved 1048576K
}
Event: 21.711 GC heap after
{Heap after GC invocations=22 (full 0):
 garbage-first heap   total 96256K, used 61293K [0x0000000700000000, 0x0000000800000000)
  region size 2048K, 1 young (2048K), 1 survivors (2048K)
 Metaspace       used 74168K, committed 76096K, reserved 1114112K
  class space    used 10162K, committed 11136K, reserved 1048576K
}
Event: 22.244 GC heap before
{Heap before GC invocations=23 (full 0):
 garbage-first heap   total 106496K, used 81773K [0x0000000700000000, 0x0000000800000000)
  region size 2048K, 12 young (24576K), 1 survivors (2048K)
 Metaspace       used 75950K, committed 77888K, reserved 1179648K
  class space    used 10391K, committed 11392K, reserved 1048576K
}
Event: 22.248 GC heap after
{Heap after GC invocations=24 (full 0):
 garbage-first heap   total 106496K, used 62476K [0x0000000700000000, 0x0000000800000000)
  region size 2048K, 2 young (4096K), 2 survivors (4096K)
 Metaspace       used 75950K, committed 77888K, reserved 1179648K
  class space    used 10391K, committed 11392K, reserved 1048576K
}
Event: 22.929 GC heap before
{Heap before GC invocations=24 (full 0):
 garbage-first heap   total 106496K, used 93196K [0x0000000700000000, 0x0000000800000000)
  region size 2048K, 16 young (32768K), 2 survivors (4096K)
 Metaspace       used 77841K, committed 79744K, reserved 1179648K
  class space    used 10654K, committed 11648K, reserved 1048576K
}
Event: 22.936 GC heap after
{Heap after GC invocations=25 (full 0):
 garbage-first heap   total 106496K, used 65068K [0x0000000700000000, 0x0000000800000000)
  region size 2048K, 2 young (4096K), 2 survivors (4096K)
 Metaspace       used 77841K, committed 79744K, reserved 1179648K
  class space    used 10654K, committed 11648K, reserved 1048576K
}
Event: 23.709 GC heap before
{Heap before GC invocations=25 (full 0):
 garbage-first heap   total 106496K, used 91692K [0x0000000700000000, 0x0000000800000000)
  region size 2048K, 15 young (30720K), 2 survivors (4096K)
 Metaspace       used 79632K, committed 81600K, reserved 1179648K
  class space    used 10922K, committed 11904K, reserved 1048576K
}
Event: 23.714 GC heap after
{Heap after GC invocations=26 (full 0):
 garbage-first heap   total 106496K, used 66103K [0x0000000700000000, 0x0000000800000000)
  region size 2048K, 2 young (4096K), 2 survivors (4096K)
 Metaspace       used 79632K, committed 81600K, reserved 1179648K
  class space    used 10922K, committed 11904K, reserved 1048576K
}
Event: 25.145 GC heap before
{Heap before GC invocations=27 (full 0):
 garbage-first heap   total 116736K, used 88631K [0x0000000700000000, 0x0000000800000000)
  region size 2048K, 14 young (28672K), 2 survivors (4096K)
 Metaspace       used 80411K, committed 82368K, reserved 1179648K
  class space    used 11025K, committed 12032K, reserved 1048576K
}
Event: 25.152 GC heap after
{Heap after GC invocations=28 (full 0):
 garbage-first heap   total 116736K, used 67474K [0x0000000700000000, 0x0000000800000000)
  region size 2048K, 2 young (4096K), 2 survivors (4096K)
 Metaspace       used 80411K, committed 82368K, reserved 1179648K
  class space    used 11025K, committed 12032K, reserved 1048576K
}

