# JRE version: OpenJDK Runtime Environment (21.0.4) (build 21.0.4+-12508038-b607.1)
# Java VM: OpenJDK 64-Bit Server VM (21.0.4+-12508038-b607.1, mixed mode, tiered, compressed oops, compressed class ptrs, g1 gc, windows-amd64)
GC Precious Log:
 CardTable entry size: 512
 Card Set container configuration: InlinePtr #cards 4 size 8 Array Of Cards #cards 16 size 48 Howl #buckets 8 coarsen threshold 3686 Howl Bitmap #cards 512 size 80 coarsen threshold 460 Card regions per heap region 1 cards per card region 4096
 CPUs: 12 total, 12 available
 Memory: 15712M
 Large Page Support: Disabled
 NUMA Support: Disabled
 Compressed Oops: Enabled (Zero based)
 Heap Region Size: 2M
 Heap Min Capacity: 8M
 Heap Initial Capacity: 246M
 Heap Max Capacity: 3930M
 Pre-touch: Disabled
 Parallel Workers: 10
 Concurrent Workers: 3
 Concurrent Refinement Workers: 10
 Periodic GC: Disabled
Heap:
 garbage-first heap   total 180224K, used 149016K [0x000000070a600000, 0x0000000800000000)
  region size 2048K, 39 young (79872K), 3 survivors (6144K)
 Metaspace       used 90909K, committed 91264K, reserved 1179648K
  class space    used 9637K, committed 9792K, reserved 1048576K
GC Heap History (20 events):
Event: 2.017 GC heap before
{Heap before GC invocations=7 (full 0):
 garbage-first heap   total 43008K, used 34011K [0x000000070a600000, 0x0000000800000000)
  region size 2048K, 9 young (18432K), 1 survivors (2048K)
 Metaspace       used 38460K, committed 38784K, reserved 1114112K
  class space    used 4712K, committed 4864K, reserved 1048576K
}
Event: 2.024 GC heap after
{Heap after GC invocations=8 (full 0):
 garbage-first heap   total 43008K, used 20162K [0x000000070a600000, 0x0000000800000000)
  region size 2048K, 2 young (4096K), 2 survivors (4096K)
 Metaspace       used 38460K, committed 38784K, reserved 1114112K
  class space    used 4712K, committed 4864K, reserved 1048576K
}
Event: 2.164 GC heap before
{Heap before GC invocations=8 (full 0):
 garbage-first heap   total 43008K, used 34498K [0x000000070a600000, 0x0000000800000000)
  region size 2048K, 9 young (18432K), 2 survivors (4096K)
 Metaspace       used 40868K, committed 41088K, reserved 1114112K
  class space    used 4951K, committed 5056K, reserved 1048576K
}
Event: 2.174 GC heap after
{Heap after GC invocations=9 (full 0):
 garbage-first heap   total 147456K, used 21356K [0x000000070a600000, 0x0000000800000000)
  region size 2048K, 1 young (2048K), 1 survivors (2048K)
 Metaspace       used 40868K, committed 41088K, reserved 1114112K
  class space    used 4951K, committed 5056K, reserved 1048576K
}
Event: 3.808 GC heap before
{Heap before GC invocations=9 (full 0):
 garbage-first heap   total 147456K, used 105324K [0x000000070a600000, 0x0000000800000000)
  region size 2048K, 43 young (88064K), 1 survivors (2048K)
 Metaspace       used 53930K, committed 54272K, reserved 1114112K
  class space    used 6176K, committed 6336K, reserved 1048576K
}
Event: 3.837 GC heap after
{Heap after GC invocations=10 (full 0):
 garbage-first heap   total 147456K, used 37672K [0x000000070a600000, 0x0000000800000000)
  region size 2048K, 6 young (12288K), 6 survivors (12288K)
 Metaspace       used 53930K, committed 54272K, reserved 1114112K
  class space    used 6176K, committed 6336K, reserved 1048576K
}
Event: 5.074 GC heap before
{Heap before GC invocations=10 (full 0):
 garbage-first heap   total 147456K, used 74536K [0x000000070a600000, 0x0000000800000000)
  region size 2048K, 25 young (51200K), 6 survivors (12288K)
 Metaspace       used 59800K, committed 60032K, reserved 1114112K
  class space    used 6833K, committed 6912K, reserved 1048576K
}
Event: 5.098 GC heap after
{Heap after GC invocations=11 (full 0):
 garbage-first heap   total 147456K, used 46709K [0x000000070a600000, 0x0000000800000000)
  region size 2048K, 4 young (8192K), 4 survivors (8192K)
 Metaspace       used 59800K, committed 60032K, reserved 1114112K
  class space    used 6833K, committed 6912K, reserved 1048576K
}
Event: 7.618 GC heap before
{Heap before GC invocations=12 (full 0):
 garbage-first heap   total 147456K, used 108149K [0x000000070a600000, 0x0000000800000000)
  region size 2048K, 34 young (69632K), 4 survivors (8192K)
 Metaspace       used 70278K, committed 70592K, reserved 1114112K
  class space    used 8093K, committed 8256K, reserved 1048576K
}
Event: 7.645 GC heap after
{Heap after GC invocations=13 (full 0):
 garbage-first heap   total 147456K, used 55491K [0x000000070a600000, 0x0000000800000000)
  region size 2048K, 5 young (10240K), 5 survivors (10240K)
 Metaspace       used 70278K, committed 70592K, reserved 1114112K
  class space    used 8093K, committed 8256K, reserved 1048576K
}
Event: 9.805 GC heap before
{Heap before GC invocations=13 (full 0):
 garbage-first heap   total 147456K, used 112835K [0x000000070a600000, 0x0000000800000000)
  region size 2048K, 33 young (67584K), 5 survivors (10240K)
 Metaspace       used 71795K, committed 72192K, reserved 1114112K
  class space    used 8140K, committed 8320K, reserved 1048576K
}
Event: 9.827 GC heap after
{Heap after GC invocations=14 (full 0):
 garbage-first heap   total 147456K, used 58939K [0x000000070a600000, 0x0000000800000000)
  region size 2048K, 2 young (4096K), 2 survivors (4096K)
 Metaspace       used 71795K, committed 72192K, reserved 1114112K
  class space    used 8140K, committed 8320K, reserved 1048576K
}
Event: 13.760 GC heap before
{Heap before GC invocations=14 (full 0):
 garbage-first heap   total 147456K, used 118331K [0x000000070a600000, 0x0000000800000000)
  region size 2048K, 31 young (63488K), 2 survivors (4096K)
 Metaspace       used 72770K, committed 73152K, reserved 1114112K
  class space    used 8154K, committed 8320K, reserved 1048576K
}
Event: 13.776 GC heap after
{Heap after GC invocations=15 (full 0):
 garbage-first heap   total 180224K, used 65159K [0x000000070a600000, 0x0000000800000000)
  region size 2048K, 4 young (8192K), 4 survivors (8192K)
 Metaspace       used 72770K, committed 73152K, reserved 1114112K
  class space    used 8154K, committed 8320K, reserved 1048576K
}
Event: 18.448 GC heap before
{Heap before GC invocations=15 (full 0):
 garbage-first heap   total 180224K, used 145031K [0x000000070a600000, 0x0000000800000000)
  region size 2048K, 43 young (88064K), 4 survivors (8192K)
 Metaspace       used 73155K, committed 73536K, reserved 1114112K
  class space    used 8154K, committed 8320K, reserved 1048576K
}
Event: 18.466 GC heap after
{Heap after GC invocations=16 (full 0):
 garbage-first heap   total 180224K, used 71463K [0x000000070a600000, 0x0000000800000000)
  region size 2048K, 6 young (12288K), 6 survivors (12288K)
 Metaspace       used 73155K, committed 73536K, reserved 1114112K
  class space    used 8154K, committed 8320K, reserved 1048576K
}
Event: 20.275 GC heap before
{Heap before GC invocations=16 (full 0):
 garbage-first heap   total 180224K, used 102183K [0x000000070a600000, 0x0000000800000000)
  region size 2048K, 22 young (45056K), 6 survivors (12288K)
 Metaspace       used 75048K, committed 75392K, reserved 1179648K
  class space    used 8322K, committed 8512K, reserved 1048576K
}
Event: 20.288 GC heap after
{Heap after GC invocations=17 (full 0):
 garbage-first heap   total 180224K, used 73371K [0x000000070a600000, 0x0000000800000000)
  region size 2048K, 4 young (8192K), 4 survivors (8192K)
 Metaspace       used 75048K, committed 75392K, reserved 1179648K
  class space    used 8322K, committed 8512K, reserved 1048576K
}
Event: 24.872 GC heap before
{Heap before GC invocations=18 (full 0):
 garbage-first heap   total 180224K, used 151195K [0x000000070a600000, 0x0000000800000000)
  region size 2048K, 42 young (86016K), 4 survivors (8192K)
 Metaspace       used 81574K, committed 81920K, reserved 1179648K
  class space    used 8765K, committed 8960K, reserved 1048576K
}
Event: 24.886 GC heap after
{Heap after GC invocations=19 (full 0):
 garbage-first heap   total 180224K, used 77336K [0x000000070a600000, 0x0000000800000000)
  region size 2048K, 3 young (6144K), 3 survivors (6144K)
 Metaspace       used 81574K, committed 81920K, reserved 1179648K
  class space    used 8765K, committed 8960K, reserved 1048576K
}

